<?xml version="1.0" encoding="utf-8"?><testsuites name="pytest tests"><testsuite name="pytest" errors="0" failures="0" skipped="0" tests="12" time="36.897" timestamp="2026-08-01T08:17:05.199129+00:00" hostname="agent-env-dd7134a9-7f4a-47ee-b028-d71070aca6be"><testcase classname="tests.test_pdf_and_webhook.TestPdfExport" name="test_pdf_export_by_applicant" time="0.610" /><testcase classname="tests.test_pdf_and_webhook.TestPdfExport" name="test_pdf_export_requires_auth" time="0.138" /><testcase classname="tests.test_pdf_and_webhook.TestPdfExport" name="test_pdf_export_forbidden_other_applicant" time="0.445" /><testcase classname="tests.test_pdf_and_webhook.TestPdfExport" name="test_pdf_export_by_owner" time="0.444" /><testcase classname="tests.test_pdf_and_webhook.TestPdfExport" name="test_pdf_export_404" time="0.048" /><testcase classname="tests.test_pdf_and_webhook.TestDiditWebhook" name="test_webhook_approved" time="8.805" /><testcase classname="tests.test_pdf_and_webhook.TestDiditWebhook" name="test_webhook_declined" time="6.941" /><testcase classname="tests.test_pdf_and_webhook.TestDiditWebhook" name="test_webhook_guard_no_override_already_finalized" time="6.172" /><testcase classname="tests.test_pdf_and_webhook.TestDiditWebhook" name="test_webhook_non_decision_event" time="6.453" /><testcase classname="tests.test_pdf_and_webhook.TestDiditWebhook" name="test_webhook_unknown_vendor_data" time="0.113" /><testcase classname="tests.test_pdf_and_webhook.TestDiditWebhook" name="test_webhook_missing_vendor_data" time="0.090" /><testcase classname="tests.test_pdf_and_webhook.TestDiditWebhook" name="test_webhook_secret_empty_accepts_unsigned" time="6.553" /></testsuite></testsuites>