<?xml version="1.0" encoding="utf-8"?><testsuites name="pytest tests"><testsuite name="pytest" errors="0" failures="0" skipped="0" tests="20" time="28.846" timestamp="2026-08-01T08:29:18.460413+00:00" hostname="agent-env-dd7134a9-7f4a-47ee-b028-d71070aca6be"><testcase classname="tests.test_iter6_audit_and_ubo.TestPerUboSession" name="test_unconfigured_returns_configured_false" time="0.990" /><testcase classname="tests.test_iter6_audit_and_ubo.TestDiditEvents" name="test_events_newest_first_and_fields" time="9.055" /><testcase classname="tests.test_iter6_audit_and_ubo.TestPerUboSession" name="test_index_out_of_range_404" time="0.085" /><testcase classname="tests.test_iter6_audit_and_ubo.TestPerUboSession" name="test_negative_index_404" time="0.303" /><testcase classname="tests.test_iter6_audit_and_ubo.TestPerUboSession" name="test_requires_auth" time="1.290" /><testcase classname="tests.test_iter6_audit_and_ubo.TestPerUboSession" name="test_rbac_other_applicant_forbidden" time="0.433" /><testcase classname="tests.test_iter6_audit_and_ubo.TestPerUboSession" name="test_owner_can_call" time="0.438" /><testcase classname="tests.test_iter6_audit_and_ubo.TestPerUboSession" name="test_missing_application_404" time="0.043" /><testcase classname="tests.test_iter6_audit_and_ubo.TestBrandedPdf" name="test_pdf_content_and_size" time="0.207" /><testcase classname="tests.test_iter6_audit_and_ubo.TestBrandedPdf" name="test_pdf_404_missing" time="0.040" /><testcase classname="tests.test_iter6_audit_and_ubo.TestBrandedPdf" name="test_pdf_forbidden_other" time="0.124" /><testcase classname="tests.test_iter6_audit_and_ubo.TestBrandedPdf" name="test_pdf_requires_auth" time="0.127" /><testcase classname="tests.test_iter6_audit_and_ubo.TestAppLevelWebhookRegression" name="test_app_level_approved" time="7.540" /><testcase classname="tests.test_iter6_audit_and_ubo.TestDiditEvents" name="test_events_requires_auth" time="0.211" /><testcase classname="tests.test_iter6_audit_and_ubo.TestDiditEvents" name="test_events_rbac" time="0.456" /><testcase classname="tests.test_iter6_audit_and_ubo.TestDiditEvents" name="test_events_404_missing_app" time="0.043" /><testcase classname="tests.test_iter6_audit_and_ubo.TestPerUboWebhook" name="test_ubo_webhook_updates_director_kyc_only" time="8.586" /><testcase classname="tests.test_iter6_audit_and_ubo.TestAppLevelWebhookRegression" name="test_app_level_declined" time="9.223" /><testcase classname="tests.test_iter6_audit_and_ubo.TestPerUboWebhook" name="test_ubo_declined_only_updates_director" time="7.242" /><testcase classname="tests.test_iter6_audit_and_ubo.TestAppLevelWebhookRegression" name="test_guard_no_override_after_manual" time="7.487" /></testsuite></testsuites>