<?xml version="1.0" encoding="utf-8"?><testsuites name="pytest tests"><testsuite name="pytest" errors="0" failures="0" skipped="0" tests="15" time="27.711" timestamp="2026-08-01T08:06:37.212412+00:00" hostname="agent-env-dd7134a9-7f4a-47ee-b028-d71070aca6be"><testcase classname="tests.test_didit_and_regressions.TestBankMismatchFix" name="test_bank_mismatch_when_holder_unrelated" time="0.450" /><testcase classname="tests.test_didit_and_regressions.TestBankMismatchFix" name="test_bank_match_when_holder_equals_legal" time="0.086" /><testcase classname="tests.test_didit_and_regressions.TestQrDomainHardening" name="test_malicious_lookalike_domain_invalid" time="0.353" /><testcase classname="tests.test_didit_and_regressions.TestQrDomainHardening" name="test_real_oss_domain_valid" time="0.156" /><testcase classname="tests.test_didit_and_regressions.TestQrDomainHardening" name="test_subdomain_oss_valid" time="0.152" /><testcase classname="tests.test_didit_and_regressions.TestDidit" name="test_didit_session_unconfigured" time="0.087" /><testcase classname="tests.test_didit_and_regressions.TestDidit" name="test_didit_decision_requires_session" time="0.087" /><testcase classname="tests.test_didit_and_regressions.TestDidit" name="test_didit_session_requires_auth" time="0.133" /><testcase classname="tests.test_didit_and_regressions.TestDidit" name="test_didit_decision_requires_auth" time="0.134" /><testcase classname="tests.test_didit_and_regressions.TestDidit" name="test_didit_session_rbac_other_applicant" time="0.446" /><testcase classname="tests.test_didit_and_regressions.TestDidit" name="test_didit_decision_rbac_other_applicant" time="0.089" /><testcase classname="tests.test_didit_and_regressions.TestDidit" name="test_didit_owner_can_access" time="0.441" /><testcase classname="tests.test_didit_and_regressions.TestFullOnboardingRegression" name="test_valid_flow_under_review" time="8.554" /><testcase classname="tests.test_didit_and_regressions.TestFullOnboardingRegression" name="test_expired_nib_auto_rejected" time="9.706" /><testcase classname="tests.test_didit_and_regressions.TestFullOnboardingRegression" name="test_owner_approve_flow" time="6.747" /></testsuite></testsuites>