<?xml version="1.0" encoding="utf-8"?><testsuites name="pytest tests"><testsuite name="pytest" errors="0" failures="4" skipped="0" tests="68" time="94.992" timestamp="2026-08-01T08:43:56.475527+00:00" hostname="agent-env-dd7134a9-7f4a-47ee-b028-d71070aca6be"><testcase classname="tests.test_nib_qr_bank.TestVerifyNibQR" name="test_qr_matches_input_and_simulasi_registry" time="1.094" /><testcase classname="tests.test_iter6_audit_and_ubo.TestPerUboSession" name="test_unconfigured_returns_configured_false" time="0.769"><failure message="AssertionError: assert True == False&#10; +  where True = &lt;built-in method get of dict object at 0xfc169de8ef40&gt;('configured')&#10; +    where &lt;built-in method get of dict object at 0xfc169de8ef40&gt; = {'configured': True, 'demo': True, 'session_id': 'demo_8fe5e8017448', 'url': 'https://corpscore-kyb.preview.emergentagent.com/applications/app_b795a15a916d', ...}.get&#10; +      where {'configured': True, 'demo': True, 'session_id': 'demo_8fe5e8017448', 'url': 'https://corpscore-kyb.preview.emergentagent.com/applications/app_b795a15a916d', ...} = json()&#10; +        where json = &lt;Response [200]&gt;.json">backend/tests/test_iter6_audit_and_ubo.py:115: in test_unconfigured_returns_configured_false
    assert r.json().get("configured") == False
E   AssertionError: assert True == False
E    +  where True = &lt;built-in method get of dict object at 0xfc169de8ef40&gt;('configured')
E    +    where &lt;built-in method get of dict object at 0xfc169de8ef40&gt; = {'configured': True, 'demo': True, 'session_id': 'demo_8fe5e8017448', 'url': 'https://corpscore-kyb.preview.emergentagent.com/applications/app_b795a15a916d', ...}.get
E    +      where {'configured': True, 'demo': True, 'session_id': 'demo_8fe5e8017448', 'url': 'https://corpscore-kyb.preview.emergentagent.com/applications/app_b795a15a916d', ...} = json()
E    +        where json = &lt;Response [200]&gt;.json</failure></testcase><testcase classname="tests.test_iter6_audit_and_ubo.TestPerUboSession" name="test_index_out_of_range_404" time="0.352" /><testcase classname="tests.test_nib_qr_bank.TestVerifyNibQR" name="test_qr_mismatch_marks_invalid" time="0.205" /><testcase classname="tests.test_iter6_audit_and_ubo.TestPerUboSession" name="test_negative_index_404" time="0.104" /><testcase classname="tests.test_iter6_audit_and_ubo.TestPerUboSession" name="test_requires_auth" time="0.187" /><testcase classname="tests.test_nib_qr_bank.TestVerifyNibQR" name="test_qr_mismatch_submit_auto_rejected" time="9.530" /><testcase classname="tests.test_iter6_audit_and_ubo.TestPerUboSession" name="test_rbac_other_applicant_forbidden" time="1.765" /><testcase classname="tests.test_iter6_audit_and_ubo.TestPerUboSession" name="test_owner_can_call" time="0.400"><failure message="AssertionError: assert True == False&#10; +  where True = &lt;built-in method get of dict object at 0xfc169deb93c0&gt;('configured')&#10; +    where &lt;built-in method get of dict object at 0xfc169deb93c0&gt; = {'configured': True, 'demo': True, 'session_id': 'demo_734f1950cff6', 'url': 'https://corpscore-kyb.preview.emergentagent.com/applications/app_f97ff30fb993', ...}.get&#10; +      where {'configured': True, 'demo': True, 'session_id': 'demo_734f1950cff6', 'url': 'https://corpscore-kyb.preview.emergentagent.com/applications/app_f97ff30fb993', ...} = json()&#10; +        where json = &lt;Response [200]&gt;.json">backend/tests/test_iter6_audit_and_ubo.py:142: in test_owner_can_call
    assert r.json().get("configured") == False
E   AssertionError: assert True == False
E    +  where True = &lt;built-in method get of dict object at 0xfc169deb93c0&gt;('configured')
E    +    where &lt;built-in method get of dict object at 0xfc169deb93c0&gt; = {'configured': True, 'demo': True, 'session_id': 'demo_734f1950cff6', 'url': 'https://corpscore-kyb.preview.emergentagent.com/applications/app_f97ff30fb993', ...}.get
E    +      where {'configured': True, 'demo': True, 'session_id': 'demo_734f1950cff6', 'url': 'https://corpscore-kyb.preview.emergentagent.com/applications/app_f97ff30fb993', ...} = json()
E    +        where json = &lt;Response [200]&gt;.json</failure></testcase><testcase classname="tests.test_iter6_audit_and_ubo.TestPerUboSession" name="test_missing_application_404" time="0.045" /><testcase classname="tests.test_didit_and_regressions.TestDidit" name="test_didit_session_unconfigured" time="0.405"><failure message="AssertionError: {'configured': True, 'demo': True, 'session_id': 'demo_de26f0a9e4c5', 'url': 'https://corpscore-kyb.preview.emergentagent.com/applications/app_ea814320e970', ...}&#10;assert True == False&#10; +  where True = &lt;built-in method get of dict object at 0xfc169de4b5c0&gt;('configured')&#10; +    where &lt;built-in method get of dict object at 0xfc169de4b5c0&gt; = {'configured': True, 'demo': True, 'session_id': 'demo_de26f0a9e4c5', 'url': 'https://corpscore-kyb.preview.emergentagent.com/applications/app_ea814320e970', ...}.get">backend/tests/test_didit_and_regressions.py:153: in test_didit_session_unconfigured
    assert d.get("configured") == False, d
E   AssertionError: {'configured': True, 'demo': True, 'session_id': 'demo_de26f0a9e4c5', 'url': 'https://corpscore-kyb.preview.emergentagent.com/applications/app_ea814320e970', ...}
E   assert True == False
E    +  where True = &lt;built-in method get of dict object at 0xfc169de4b5c0&gt;('configured')
E    +    where &lt;built-in method get of dict object at 0xfc169de4b5c0&gt; = {'configured': True, 'demo': True, 'session_id': 'demo_de26f0a9e4c5', 'url': 'https://corpscore-kyb.preview.emergentagent.com/applications/app_ea814320e970', ...}.get</failure></testcase><testcase classname="tests.test_didit_and_regressions.TestDidit" name="test_didit_decision_requires_session" time="0.086" /><testcase classname="tests.test_didit_and_regressions.TestDidit" name="test_didit_session_requires_auth" time="0.167" /><testcase classname="tests.test_didit_and_regressions.TestDidit" name="test_didit_decision_requires_auth" time="0.135" /><testcase classname="tests.test_didit_and_regressions.TestDidit" name="test_didit_session_rbac_other_applicant" time="0.446" /><testcase classname="tests.test_didit_and_regressions.TestDidit" name="test_didit_decision_rbac_other_applicant" time="0.101" /><testcase classname="tests.test_didit_and_regressions.TestDidit" name="test_didit_owner_can_access" time="0.441"><failure message="AssertionError: assert True == False&#10; +  where True = &lt;built-in method get of dict object at 0xfc169ebf6b00&gt;('configured')&#10; +    where &lt;built-in method get of dict object at 0xfc169ebf6b00&gt; = {'configured': True, 'demo': True, 'session_id': 'demo_75ce7f298634', 'url': 'https://corpscore-kyb.preview.emergentagent.com/applications/app_431daeef37e4', ...}.get&#10; +      where {'configured': True, 'demo': True, 'session_id': 'demo_75ce7f298634', 'url': 'https://corpscore-kyb.preview.emergentagent.com/applications/app_431daeef37e4', ...} = json()&#10; +        where json = &lt;Response [200]&gt;.json">backend/tests/test_didit_and_regressions.py:184: in test_didit_owner_can_access
    assert r.json().get("configured") == False
E   AssertionError: assert True == False
E    +  where True = &lt;built-in method get of dict object at 0xfc169ebf6b00&gt;('configured')
E    +    where &lt;built-in method get of dict object at 0xfc169ebf6b00&gt; = {'configured': True, 'demo': True, 'session_id': 'demo_75ce7f298634', 'url': 'https://corpscore-kyb.preview.emergentagent.com/applications/app_431daeef37e4', ...}.get
E    +      where {'configured': True, 'demo': True, 'session_id': 'demo_75ce7f298634', 'url': 'https://corpscore-kyb.preview.emergentagent.com/applications/app_431daeef37e4', ...} = json()
E    +        where json = &lt;Response [200]&gt;.json</failure></testcase><testcase classname="tests.test_pdf_and_webhook.TestDiditWebhook" name="test_webhook_approved" time="7.534" /><testcase classname="tests.test_nib_qr_bank.TestVerifyNibQR" name="test_non_oss_domain_invalid" time="0.179" /><testcase classname="tests.test_nib_qr_bank.TestVerifyNibQR" name="test_format_invalid_nib" time="0.140" /><testcase classname="tests.test_nib_qr_bank.TestVerifyNibQR" name="test_verify_nib_requires_auth" time="0.141" /><testcase classname="tests.test_nib_qr_bank.TestVerifyNibQR" name="test_verify_nib_rbac_other_applicant" time="0.528" /><testcase classname="tests.test_pdf_and_webhook.TestPdfExport" name="test_pdf_export_by_applicant" time="0.542" /><testcase classname="tests.test_pdf_and_webhook.TestPdfExport" name="test_pdf_export_requires_auth" time="0.142" /><testcase classname="tests.test_pdf_and_webhook.TestPdfExport" name="test_pdf_export_forbidden_other_applicant" time="0.419" /><testcase classname="tests.test_pdf_and_webhook.TestDiditWebhook" name="test_webhook_declined" time="8.443" /><testcase classname="tests.test_pdf_and_webhook.TestPdfExport" name="test_pdf_export_by_owner" time="0.446" /><testcase classname="tests.test_pdf_and_webhook.TestPdfExport" name="test_pdf_export_404" time="0.041" /><testcase classname="tests.test_nib_qr_bank.TestVerifyBank" name="test_bank_verify_simulasi_matches" time="0.410" /><testcase classname="tests.test_nib_qr_bank.TestVerifyBank" name="test_bank_verify_simulasi_mismatch" time="0.087" /><testcase classname="tests.test_nib_qr_bank.TestVerifyBank" name="test_verify_bank_requires_auth" time="0.144" /><testcase classname="tests.test_nib_qr_bank.TestVerifyBank" name="test_verify_bank_rbac_other_applicant" time="0.441" /><testcase classname="tests.test_nib_bank_sla.TestValidNibSlaQueue" name="test_valid_nib_goes_to_under_review_with_sla" time="9.186" /><testcase classname="tests.test_pdf_and_webhook.TestDiditWebhook" name="test_webhook_guard_no_override_already_finalized" time="7.852" /><testcase classname="tests.test_nib_bank_sla.TestValidNibSlaQueue" name="test_bank_verification_name_match" time="7.462" /><testcase classname="tests.test_pdf_and_webhook.TestDiditWebhook" name="test_webhook_non_decision_event" time="6.757" /><testcase classname="tests.test_nib_bank_sla.TestValidNibSlaQueue" name="test_bank_verification_mismatch" time="7.097" /><testcase classname="tests.test_pdf_and_webhook.TestDiditWebhook" name="test_webhook_unknown_vendor_data" time="0.127" /><testcase classname="tests.test_pdf_and_webhook.TestDiditWebhook" name="test_webhook_missing_vendor_data" time="0.090" /><testcase classname="tests.test_pdf_and_webhook.TestDiditWebhook" name="test_webhook_secret_empty_accepts_unsigned" time="7.225" /><testcase classname="tests.test_nib_bank_sla.TestValidNibSlaQueue" name="test_persistence_via_get" time="7.895" /><testcase classname="tests.test_iter6_audit_and_ubo.TestBrandedPdf" name="test_pdf_content_and_size" time="0.406" /><testcase classname="tests.test_iter6_audit_and_ubo.TestBrandedPdf" name="test_pdf_404_missing" time="0.374" /><testcase classname="tests.test_iter6_audit_and_ubo.TestBrandedPdf" name="test_pdf_forbidden_other" time="0.453" /><testcase classname="tests.test_iter6_audit_and_ubo.TestBrandedPdf" name="test_pdf_requires_auth" time="0.130" /><testcase classname="tests.test_nib_bank_sla.TestAutoReject" name="test_expired_nib_auto_rejects" time="8.060" /><testcase classname="tests.test_iter6_audit_and_ubo.TestDiditEvents" name="test_events_newest_first_and_fields" time="9.043" /><testcase classname="tests.test_nib_bank_sla.TestAutoReject" name="test_missing_nib_expiry_auto_rejects" time="0.222" /><testcase classname="tests.test_nib_bank_sla.TestAutoReject" name="test_owner_cannot_decide_auto_rejected" time="0.508" /><testcase classname="tests.test_iter6_audit_and_ubo.TestAppLevelWebhookRegression" name="test_app_level_approved" time="8.485" /><testcase classname="tests.test_iter6_audit_and_ubo.TestDiditEvents" name="test_events_requires_auth" time="0.140" /><testcase classname="tests.test_iter6_audit_and_ubo.TestDiditEvents" name="test_events_rbac" time="0.407" /><testcase classname="tests.test_iter6_audit_and_ubo.TestDiditEvents" name="test_events_404_missing_app" time="0.048" /><testcase classname="tests.test_didit_and_regressions.TestQrDomainHardening" name="test_malicious_lookalike_domain_invalid" time="0.516" /><testcase classname="tests.test_didit_and_regressions.TestQrDomainHardening" name="test_real_oss_domain_valid" time="0.150" /><testcase classname="tests.test_didit_and_regressions.TestQrDomainHardening" name="test_subdomain_oss_valid" time="0.155" /><testcase classname="tests.test_didit_and_regressions.TestFullOnboardingRegression" name="test_valid_flow_under_review" time="8.787" /><testcase classname="tests.test_iter6_audit_and_ubo.TestAppLevelWebhookRegression" name="test_app_level_declined" time="8.194" /><testcase classname="tests.test_didit_and_regressions.TestFullOnboardingRegression" name="test_expired_nib_auto_rejected" time="7.814" /><testcase classname="tests.test_iter6_audit_and_ubo.TestAppLevelWebhookRegression" name="test_guard_no_override_after_manual" time="8.677" /><testcase classname="tests.test_didit_and_regressions.TestFullOnboardingRegression" name="test_owner_approve_flow" time="6.466" /><testcase classname="tests.test_nib_qr_bank.TestSubmitIntegration" name="test_valid_full_flow_under_review" time="7.799" /><testcase classname="tests.test_iter6_audit_and_ubo.TestPerUboWebhook" name="test_ubo_webhook_updates_director_kyc_only" time="7.072" /><testcase classname="tests.test_iter6_audit_and_ubo.TestPerUboWebhook" name="test_ubo_declined_only_updates_director" time="6.348" /><testcase classname="tests.test_nib_qr_bank.TestSubmitIntegration" name="test_finalised_cannot_resubmit" time="6.983" /><testcase classname="tests.test_nib_bank_sla.TestDownloadAuth" name="test_download_requires_auth" time="0.469" /><testcase classname="tests.test_didit_and_regressions.TestBankMismatchFix" name="test_bank_mismatch_when_holder_unrelated" time="0.414" /><testcase classname="tests.test_didit_and_regressions.TestBankMismatchFix" name="test_bank_match_when_holder_equals_legal" time="0.091" /></testsuite></testsuites>