<?xml version="1.0" encoding="utf-8"?><testsuites name="pytest tests"><testsuite name="pytest" errors="0" failures="1" skipped="0" tests="13" time="20.316" timestamp="2026-08-01T07:50:30.437212+00:00" hostname="agent-env-dd7134a9-7f4a-47ee-b028-d71070aca6be"><testcase classname="tests.test_nib_qr_bank.TestVerifyNibQR" name="test_qr_matches_input_and_simulasi_registry" time="1.116" /><testcase classname="tests.test_nib_qr_bank.TestVerifyBank" name="test_bank_verify_simulasi_matches" time="0.757" /><testcase classname="tests.test_nib_qr_bank.TestVerifyBank" name="test_bank_verify_simulasi_mismatch" time="0.317"><failure message="assert True is False">backend/tests/test_nib_qr_bank.py:183: in test_bank_verify_simulasi_mismatch
    assert b["verified"] is False
E   assert True is False</failure></testcase><testcase classname="tests.test_nib_qr_bank.TestVerifyBank" name="test_verify_bank_requires_auth" time="0.144" /><testcase classname="tests.test_nib_qr_bank.TestVerifyNibQR" name="test_qr_mismatch_marks_invalid" time="0.205" /><testcase classname="tests.test_nib_qr_bank.TestVerifyNibQR" name="test_qr_mismatch_submit_auto_rejected" time="9.739" /><testcase classname="tests.test_nib_qr_bank.TestVerifyBank" name="test_verify_bank_rbac_other_applicant" time="0.403" /><testcase classname="tests.test_nib_qr_bank.TestSubmitIntegration" name="test_valid_full_flow_under_review" time="9.988" /><testcase classname="tests.test_nib_qr_bank.TestVerifyNibQR" name="test_non_oss_domain_invalid" time="0.213" /><testcase classname="tests.test_nib_qr_bank.TestVerifyNibQR" name="test_format_invalid_nib" time="0.168" /><testcase classname="tests.test_nib_qr_bank.TestVerifyNibQR" name="test_verify_nib_requires_auth" time="0.199" /><testcase classname="tests.test_nib_qr_bank.TestSubmitIntegration" name="test_finalised_cannot_resubmit" time="8.104" /><testcase classname="tests.test_nib_qr_bank.TestVerifyNibQR" name="test_verify_nib_rbac_other_applicant" time="0.470" /></testsuite></testsuites>