<?xml version="1.0" encoding="utf-8"?><testsuites name="pytest tests"><testsuite name="pytest" errors="0" failures="0" skipped="0" tests="8" time="33.080" timestamp="2026-08-01T07:29:31.986527+00:00" hostname="agent-env-dd7134a9-7f4a-47ee-b028-d71070aca6be"><testcase classname="tests.test_nib_bank_sla.TestValidNibSlaQueue" name="test_valid_nib_goes_to_under_review_with_sla" time="9.668" /><testcase classname="tests.test_nib_bank_sla.TestAutoReject" name="test_expired_nib_auto_rejects" time="9.596" /><testcase classname="tests.test_nib_bank_sla.TestAutoReject" name="test_missing_nib_expiry_auto_rejects" time="6.582" /><testcase classname="tests.test_nib_bank_sla.TestValidNibSlaQueue" name="test_bank_verification_name_match" time="7.048" /><testcase classname="tests.test_nib_bank_sla.TestAutoReject" name="test_owner_cannot_decide_auto_rejected" time="7.091" /><testcase classname="tests.test_nib_bank_sla.TestValidNibSlaQueue" name="test_bank_verification_mismatch" time="8.413" /><testcase classname="tests.test_nib_bank_sla.TestDownloadAuth" name="test_download_requires_auth" time="0.240" /><testcase classname="tests.test_nib_bank_sla.TestValidNibSlaQueue" name="test_persistence_via_get" time="7.376" /></testsuite></testsuites>