<?xml version="1.0" encoding="utf-8"?><testsuites name="pytest tests"><testsuite name="pytest" errors="0" failures="1" skipped="0" tests="16" time="20.050" timestamp="2026-08-01T07:19:40.034119+00:00" hostname="agent-env-dd7134a9-7f4a-47ee-b028-d71070aca6be"><testcase classname="tests.backend_test.TestApplication" name="test_create_and_get" time="0.709" /><testcase classname="tests.backend_test.TestAuth" name="test_owner_login" time="0.711" /><testcase classname="tests.backend_test.TestAuth" name="test_login_bad_pw" time="0.356" /><testcase classname="tests.backend_test.TestApplication" name="test_list_only_own" time="0.042" /><testcase classname="tests.backend_test.TestApplication" name="test_owner_sees_all" time="0.799" /><testcase classname="tests.backend_test.TestAuth" name="test_register_duplicate" time="1.918" /><testcase classname="tests.backend_test.TestApplication" name="test_submit_low_risk" time="7.677" /><testcase classname="tests.backend_test.TestAuth" name="test_me_unauth" time="0.124" /><testcase classname="tests.backend_test.TestDashboard" name="test_stats_owner" time="0.042" /><testcase classname="tests.backend_test.TestDashboard" name="test_stats_applicant_scope" time="0.048"><failure message="assert 0 &gt;= 2">backend/tests/backend_test.py:185: in test_stats_applicant_scope
    assert r.json()["total"] &gt;= 2
E   assert 0 &gt;= 2</failure></testcase><testcase classname="tests.backend_test.TestApplication" name="test_screening_sanction_hit" time="9.750" /><testcase classname="tests.backend_test.TestApplication" name="test_rbac_forbidden" time="0.384" /><testcase classname="tests.backend_test.TestApplication" name="test_decision_requires_officer" time="0.042" /><testcase classname="tests.backend_test.TestApplication" name="test_owner_approves" time="0.044" /><testcase classname="tests.backend_test.TestApplication" name="test_owner_rejects" time="0.045" /><testcase classname="tests.backend_test.TestApplication" name="test_invalid_decision" time="0.041" /></testsuite></testsuites>